c:\users\dreamest\desktop\studies\artificial intelligence\project\28.04\first\first\debug\vc142.pdb
c:\users\dreamest\desktop\studies\artificial intelligence\project\28.04\first\first\debug\vc142.idb
c:\users\dreamest\desktop\studies\artificial intelligence\project\28.04\first\first\debug\room.obj
c:\users\dreamest\desktop\studies\artificial intelligence\project\28.04\first\first\debug\point2d.obj
c:\users\dreamest\desktop\studies\artificial intelligence\project\28.04\first\first\debug\player.obj
c:\users\dreamest\desktop\studies\artificial intelligence\project\28.04\first\first\debug\node.obj
c:\users\dreamest\desktop\studies\artificial intelligence\project\28.04\first\first\debug\main.obj
c:\users\dreamest\desktop\studies\artificial intelligence\project\28.04\first\first\debug\granade.obj
c:\users\dreamest\desktop\studies\artificial intelligence\project\28.04\first\first\debug\comparenodes.obj
c:\users\dreamest\desktop\studies\artificial intelligence\project\28.04\first\first\debug\bullet.obj
c:\users\dreamest\desktop\studies\artificial intelligence\project\28.04\first\debug\first.pdb
c:\users\dreamest\desktop\studies\artificial intelligence\project\28.04\first\first\debug\first.tlog\cl.command.1.tlog
c:\users\dreamest\desktop\studies\artificial intelligence\project\28.04\first\first\debug\first.tlog\cl.read.1.tlog
c:\users\dreamest\desktop\studies\artificial intelligence\project\28.04\first\first\debug\first.tlog\cl.write.1.tlog
c:\users\dreamest\desktop\studies\artificial intelligence\project\28.04\first\first\debug\first.tlog\link-cvtres.read.1.tlog
c:\users\dreamest\desktop\studies\artificial intelligence\project\28.04\first\first\debug\first.tlog\link-cvtres.write.1.tlog
c:\users\dreamest\desktop\studies\artificial intelligence\project\28.04\first\first\debug\first.tlog\link-rc.read.1.tlog
c:\users\dreamest\desktop\studies\artificial intelligence\project\28.04\first\first\debug\first.tlog\link-rc.write.1.tlog
c:\users\dreamest\desktop\studies\artificial intelligence\project\28.04\first\first\debug\first.tlog\link.command.1.tlog
c:\users\dreamest\desktop\studies\artificial intelligence\project\28.04\first\first\debug\first.tlog\link.read.1.tlog
c:\users\dreamest\desktop\studies\artificial intelligence\project\28.04\first\first\debug\first.tlog\link.write.1.tlog
