c:\users\afeka\desktop\rooms\first\first\x64\debug\vc141.pdb
c:\users\afeka\desktop\rooms\first\first\x64\debug\vc141.idb
c:\users\afeka\desktop\rooms\first\first\x64\debug\room.obj
c:\users\afeka\desktop\rooms\first\first\x64\debug\point2d.obj
c:\users\afeka\desktop\rooms\first\first\x64\debug\node.obj
c:\users\afeka\desktop\rooms\first\first\x64\debug\comparenodes.obj
c:\users\royab\onedrive\desktop\09.04\first\first\x64\debug\vc142.pdb
c:\users\royab\onedrive\desktop\09.04\first\first\x64\debug\vc142.idb
c:\users\royab\onedrive\desktop\09.04\first\first\x64\debug\room.obj
c:\users\royab\onedrive\desktop\09.04\first\first\x64\debug\point2d.obj
c:\users\royab\onedrive\desktop\09.04\first\first\x64\debug\player.obj
c:\users\royab\onedrive\desktop\09.04\first\first\x64\debug\node.obj
c:\users\royab\onedrive\desktop\09.04\first\first\x64\debug\granade.obj
c:\users\royab\onedrive\desktop\09.04\first\first\x64\debug\comparenodes.obj
c:\users\royab\onedrive\desktop\10.04\10.04\first\first\x64\debug\comparenodes.obj
c:\users\royab\onedrive\desktop\10.04\10.04\first\first\x64\debug\granade.obj
c:\users\royab\onedrive\desktop\10.04\10.04\first\first\x64\debug\node.obj
c:\users\royab\onedrive\desktop\10.04\10.04\first\first\x64\debug\player.obj
c:\users\royab\onedrive\desktop\10.04\10.04\first\first\x64\debug\point2d.obj
c:\users\royab\onedrive\desktop\10.04\10.04\first\first\x64\debug\room.obj
c:\users\royab\onedrive\desktop\10.04\10.04\first\first\x64\debug\vc141.idb
c:\users\royab\onedrive\desktop\10.04\10.04\first\first\x64\debug\vc142.idb
c:\users\royab\onedrive\desktop\10.04\10.04\first\first\x64\debug\vc141.pdb
c:\users\royab\onedrive\desktop\10.04\10.04\first\first\x64\debug\vc142.pdb
c:\users\royab\onedrive\desktop\10.04\10.04\first\first\x64\debug\first.tlog\cl.command.1.tlog
c:\users\royab\onedrive\desktop\10.04\10.04\first\first\x64\debug\first.tlog\cl.read.1.tlog
c:\users\royab\onedrive\desktop\10.04\10.04\first\first\x64\debug\first.tlog\cl.write.1.tlog
